  main.cpp
E:\CppCode\SDL2 Game\SDL2 Game\main.cpp(320,13): warning C4244: “参数”: 从“time_t”转换到“unsigned int”，可能丢失数据
  SDL2 Game.vcxproj -> E:\CppCode\SDL2 Game\x64\Debug\SDL2 Game.exe
  E:\CppCode\SDL2 Game\SDL2 Game\SDL2\dll\x64\libFLAC-8.dll
  E:\CppCode\SDL2 Game\SDL2 Game\SDL2\dll\x64\libjpeg-9.dll
  E:\CppCode\SDL2 Game\SDL2 Game\SDL2\dll\x64\libmodplug-1.dll
  E:\CppCode\SDL2 Game\SDL2 Game\SDL2\dll\x64\libmpg123-0.dll
  E:\CppCode\SDL2 Game\SDL2 Game\SDL2\dll\x64\libogg-0.dll
  E:\CppCode\SDL2 Game\SDL2 Game\SDL2\dll\x64\libopus-0.dll
  E:\CppCode\SDL2 Game\SDL2 Game\SDL2\dll\x64\libopusfile-0.dll
  E:\CppCode\SDL2 Game\SDL2 Game\SDL2\dll\x64\libpng16-16.dll
  E:\CppCode\SDL2 Game\SDL2 Game\SDL2\dll\x64\libtiff-5.dll
  E:\CppCode\SDL2 Game\SDL2 Game\SDL2\dll\x64\libvorbis-0.dll
  E:\CppCode\SDL2 Game\SDL2 Game\SDL2\dll\x64\libvorbisfile-3.dll
  E:\CppCode\SDL2 Game\SDL2 Game\SDL2\dll\x64\libwebp-7.dll
  E:\CppCode\SDL2 Game\SDL2 Game\SDL2\dll\x64\SDL2.dll
  E:\CppCode\SDL2 Game\SDL2 Game\SDL2\dll\x64\SDL2_image.dll
  E:\CppCode\SDL2 Game\SDL2 Game\SDL2\dll\x64\SDL2_mixer.dll
  E:\CppCode\SDL2 Game\SDL2 Game\SDL2\dll\x64\SDL2_net.dll
  E:\CppCode\SDL2 Game\SDL2 Game\SDL2\dll\x64\SDL2_ttf.dll
  E:\CppCode\SDL2 Game\SDL2 Game\SDL2\dll\x64\zlib1.dll
  复制了 18 个文件
